#-----------------------------------------------------------
# Webtalk v2018.3 (64-bit)
# SW Build 2405991 on Thu Dec  6 23:38:27 MST 2018
# 
# Start of session at: Fri Jul 29 16:25:31 2022
# Process ID: 14612
# Current directory: E:/ZYNQ_NEW/project/AXI_DMA_Test/AXI_DMA.sdk/webtalk
# Command line: wbtcv.exe -mode batch -source sdk_webtalk.tcl
# Log file: E:/ZYNQ_NEW/project/AXI_DMA_Test/AXI_DMA.sdk/webtalk/webtalk.log
# Journal file: E:/ZYNQ_NEW/project/AXI_DMA_Test/AXI_DMA.sdk/webtalk\webtalk.jou
#-----------------------------------------------------------
source sdk_webtalk.tcl
# webtalk_init -webtalk_dir E:\\ZYNQ_NEW\\project\\AXI_DMA_Test\\AXI_DMA.sdk\\webtalk
# webtalk_register_client -client project
# webtalk_add_data -client project -key date_generated -value "2022-07-29 16:25:30" -context "software_version_and_target_device"
# webtalk_add_data -client project -key product_version -value "SDK v2018.3" -context "software_version_and_target_device"
# webtalk_add_data -client project -key build_version -value "2018.3" -context "software_version_and_target_device"
# webtalk_add_data -client project -key os_platform -value "amd64" -context "software_version_and_target_device"
# webtalk_add_data -client project -key registration_id -value "" -context "software_version_and_target_device"
# webtalk_add_data -client project -key tool_flow -value "SDK" -context "software_version_and_target_device"
# webtalk_add_data -client project -key beta -value "false" -context "software_version_and_target_device"
# webtalk_add_data -client project -key route_design -value "NA" -context "software_version_and_target_device"
# webtalk_add_data -client project -key target_family -value "NA" -context "software_version_and_target_device"
# webtalk_add_data -client project -key target_device -value "NA" -context "software_version_and_target_device"
# webtalk_add_data -client project -key target_package -value "NA" -context "software_version_and_target_device"
# webtalk_add_data -client project -key target_speed -value "NA" -context "software_version_and_target_device"
# webtalk_add_data -client project -key random_id -value "89upeuqpjcgksbqq5ubgk0mos5" -context "software_version_and_target_device"
# webtalk_add_data -client project -key project_id -value "2018.3_370" -context "software_version_and_target_device"
# webtalk_add_data -client project -key project_iteration -value "370" -context "software_version_and_target_device"
# webtalk_add_data -client project -key os_name -value "Microsoft Windows 8 or later , 64-bit" -context "user_environment"
# webtalk_add_data -client project -key os_release -value "major release  (build 9200)" -context "user_environment"
# webtalk_add_data -client project -key cpu_name -value "11th Gen Intel(R) Core(TM) i7-11700 @ 2.50GHz" -context "user_environment"
# webtalk_add_data -client project -key cpu_speed -value "2496 MHz" -context "user_environment"
# webtalk_add_data -client project -key total_processors -value "1" -context "user_environment"
# webtalk_add_data -client project -key system_ram -value "16.980 GB" -context "user_environment"
# webtalk_register_client -client sdk
# webtalk_add_data -client sdk -key uid -value "1659058902316" -context "sdk\\\\hardware/1659058902316"
# webtalk_add_data -client sdk -key isZynq -value "true" -context "sdk\\\\hardware/1659058902316"
# webtalk_add_data -client sdk -key isZynqMP -value "false" -context "sdk\\\\hardware/1659058902316"
# webtalk_add_data -client sdk -key Processors -value "2" -context "sdk\\\\hardware/1659058902316"
# webtalk_add_data -client sdk -key VivadoVersion -value "2018.3_AR71948_AR71948" -context "sdk\\\\hardware/1659058902316"
# webtalk_add_data -client sdk -key Arch -value "zynq" -context "sdk\\\\hardware/1659058902316"
# webtalk_add_data -client sdk -key Device -value "7z020" -context "sdk\\\\hardware/1659058902316"
# webtalk_add_data -client sdk -key IsHandoff -value "true" -context "sdk\\\\hardware/1659058902316"
# webtalk_add_data -client sdk -key os -value "NA" -context "sdk\\\\hardware/1659058902316"
# webtalk_add_data -client sdk -key apptemplate -value "NA" -context "sdk\\\\hardware/1659058902316"
# webtalk_add_data -client sdk -key RecordType -value "HWCreation" -context "sdk\\\\hardware/1659058902316"
# webtalk_add_data -client sdk -key uid -value "NA" -context "sdk\\\\bsp/1659083130542"
# webtalk_add_data -client sdk -key RecordType -value "ToolUsage" -context "sdk\\\\bsp/1659083130542"
# webtalk_add_data -client sdk -key BootgenCount -value "0" -context "sdk\\\\bsp/1659083130542"
# webtalk_add_data -client sdk -key DebugCount -value "0" -context "sdk\\\\bsp/1659083130542"
# webtalk_add_data -client sdk -key PerfCount -value "0" -context "sdk\\\\bsp/1659083130542"
# webtalk_add_data -client sdk -key FlashCount -value "0" -context "sdk\\\\bsp/1659083130542"
# webtalk_add_data -client sdk -key CrossTriggCount -value "0" -context "sdk\\\\bsp/1659083130542"
# webtalk_add_data -client sdk -key QemuDebugCount -value "0" -context "sdk\\\\bsp/1659083130542"
# webtalk_transmit -clientid 3495646094 -regid "" -xml E:\\ZYNQ_NEW\\project\\AXI_DMA_Test\\AXI_DMA.sdk\\webtalk\\usage_statistics_ext_sdk.xml -html E:\\ZYNQ_NEW\\project\\AXI_DMA_Test\\AXI_DMA.sdk\\webtalk\\usage_statistics_ext_sdk.html -wdm E:\\ZYNQ_NEW\\project\\AXI_DMA_Test\\AXI_DMA.sdk\\webtalk\\sdk_webtalk.wdm -intro "<H3>SDK Usage Report</H3><BR>"
# webtalk_terminate
INFO: [Common 17-206] Exiting Webtalk at Fri Jul 29 16:25:32 2022...
